<?xml version="1.0" encoding="UTF-8"?>
<testsuite xmlns:xsi="http://www.w3.org/2001/XMLSchema-instance" xsi:noNamespaceSchemaLocation="https://maven.apache.org/surefire/maven-surefire-plugin/xsd/surefire-test-report-3.0.xsd" version="3.0" name="com.IO.Eureka_Server.EurekaServerApplicationTests" time="14.08" tests="1" errors="0" skipped="0" failures="0">
  <properties>
[...]
</properties>
  <testcase name="contextLoads" classname="com.IO.Eureka_Server.EurekaServerApplicationTests" time="2.374">
    <system-out><![CDATA[Standard Commons Logging discovery in action with spring-jcl: please remove commons-logging.jar from classpath in order to avoid potential conflicts
19:49:07.154 [main] INFO org.springframework.test.context.support.AnnotationConfigContextLoaderUtils -- Could not detect default configuration classes for test class [com.IO.Eureka_Server.EurekaServerApplicationTests]: EurekaServerApplicationTests does not declare any static, non-private, non-final, nested classes annotated with @Configuration.
19:49:07.444 [main] INFO org.springframework.boot.test.context.SpringBootTestContextBootstrapper -- Found @SpringBootConfiguration com.IO.Eureka_Server.EurekaServerApplication for test class com.IO.Eureka_Server.EurekaServerApplicationTests

  .   ____          _            __ _ _
 /\\ / ___'_ __ _ _(_)_ __  __ _ \ \ \ \
( ( )\___ | '_ | '_| | '_ \/ _` | \ \ \ \
 \\/  ___)| |_)| | | | | || (_| |  ) ) ) )
  '  |____| .__|_| |_|_| |_\__, | / / / /
 =========|_|==============|___/=/_/_/_/
 :: Spring Boot ::               (v3.1.11)

2025-07-30T19:49:08.688+03:00  INFO 27948 --- [           main] c.I.E.EurekaServerApplicationTests       : Starting EurekaServerApplicationTests using Java 17.0.12 with PID 27948 (started by meton in C:\Users\meton\Downloads\Ejada Project\Eureka-Server)
2025-07-30T19:49:08.690+03:00  INFO 27948 --- [           main] c.I.E.EurekaServerApplicationTests       : No active profile set, falling back to 1 default profile: "default"
2025-07-30T19:49:11.313+03:00  INFO 27948 --- [           main] o.s.cloud.context.scope.GenericScope     : BeanFactory id=658a9fa3-cab4-34cc-bb80-c31143560392
2025-07-30T19:49:15.078+03:00  WARN 27948 --- [           main] iguration$LoadBalancerCaffeineWarnLogger : Spring Cloud LoadBalancer is currently working with the default cache. While this cache implementation is useful for development and tests, it's recommended to use Caffeine cache in production.You can switch to using Caffeine cache, by adding it and org.springframework.cache.caffeine.CaffeineCacheManager to the classpath.
2025-07-30T19:49:15.947+03:00  INFO 27948 --- [           main] o.s.c.n.eureka.InstanceInfoFactory       : Setting initial instance status as: STARTING
2025-07-30T19:49:16.127+03:00  INFO 27948 --- [           main] com.netflix.discovery.DiscoveryClient    : Initializing Eureka in region us-east-1
2025-07-30T19:49:16.129+03:00  INFO 27948 --- [           main] com.netflix.discovery.DiscoveryClient    : Client configured to neither register nor query for data.
2025-07-30T19:49:16.186+03:00  INFO 27948 --- [           main] com.netflix.discovery.DiscoveryClient    : Discovery Client initialized at timestamp 1753894156176 with initial instances count: 0
2025-07-30T19:49:16.461+03:00  INFO 27948 --- [           main] c.n.eureka.DefaultEurekaServerContext    : Initializing ...
2025-07-30T19:49:16.465+03:00  INFO 27948 --- [           main] c.n.eureka.cluster.PeerEurekaNodes       : Adding new peer nodes [http://localhost:8761/eureka/]
2025-07-30T19:49:17.224+03:00  INFO 27948 --- [           main] c.n.d.provider.DiscoveryJerseyProvider   : Using JSON encoding codec LegacyJacksonJson
2025-07-30T19:49:17.226+03:00  INFO 27948 --- [           main] c.n.d.provider.DiscoveryJerseyProvider   : Using JSON decoding codec LegacyJacksonJson
2025-07-30T19:49:17.226+03:00  INFO 27948 --- [           main] c.n.d.provider.DiscoveryJerseyProvider   : Using XML encoding codec XStreamXml
2025-07-30T19:49:17.227+03:00  INFO 27948 --- [           main] c.n.d.provider.DiscoveryJerseyProvider   : Using XML decoding codec XStreamXml
2025-07-30T19:49:17.767+03:00  INFO 27948 --- [           main] c.n.eureka.cluster.PeerEurekaNodes       : Replica node URL:  http://localhost:8761/eureka/
2025-07-30T19:49:17.799+03:00  INFO 27948 --- [           main] c.n.e.registry.AbstractInstanceRegistry  : Finished initializing remote region registries. All known remote regions: []
2025-07-30T19:49:17.801+03:00  INFO 27948 --- [           main] c.n.eureka.DefaultEurekaServerContext    : Initialized
2025-07-30T19:49:18.230+03:00  INFO 27948 --- [           main] o.s.b.a.e.web.EndpointLinksResolver      : Exposing 1 endpoint(s) beneath base path '/actuator'
2025-07-30T19:49:18.332+03:00  INFO 27948 --- [           main] o.s.c.n.e.s.EurekaServiceRegistry        : Registering application EUREKA-SERVER with eureka with status UP
2025-07-30T19:49:18.383+03:00  INFO 27948 --- [           main] c.I.E.EurekaServerApplicationTests       : Started EurekaServerApplicationTests in 10.588 seconds (process running for 13.046)
2025-07-30T19:49:18.432+03:00  INFO 27948 --- [      Thread-10] o.s.c.n.e.server.EurekaServerBootstrap   : isAws returned false
2025-07-30T19:49:18.433+03:00  INFO 27948 --- [      Thread-10] o.s.c.n.e.server.EurekaServerBootstrap   : Initialized server context
2025-07-30T19:49:18.434+03:00  INFO 27948 --- [      Thread-10] c.n.e.r.PeerAwareInstanceRegistryImpl    : Got 1 instances from neighboring DS node
2025-07-30T19:49:18.434+03:00  INFO 27948 --- [      Thread-10] c.n.e.r.PeerAwareInstanceRegistryImpl    : Renew threshold is: 1
2025-07-30T19:49:18.434+03:00  INFO 27948 --- [      Thread-10] c.n.e.r.PeerAwareInstanceRegistryImpl    : Changing status to UP
2025-07-30T19:49:18.816+03:00  INFO 27948 --- [      Thread-10] e.s.EurekaServerInitializerConfiguration : Started Eureka Server
]]></system-out>
  </testcase>
</testsuite>